  Matrix.cpp
c:\users\dalgettyt\documents\visual studio 2017\projects\matrixmultiplication\matrixmultiplication\matrix.h(21): warning C4018: '<': signed/unsigned mismatch
c:\users\dalgettyt\documents\visual studio 2017\projects\matrixmultiplication\matrixmultiplication\matrix.h(32): warning C4018: '<': signed/unsigned mismatch
c:\users\dalgettyt\documents\visual studio 2017\projects\matrixmultiplication\matrixmultiplication\matrix.h(34): warning C4018: '<': signed/unsigned mismatch
c:\users\dalgettyt\documents\visual studio 2017\projects\matrixmultiplication\matrixmultiplication\matrix.cpp(12): warning C4018: '<': signed/unsigned mismatch
c:\users\dalgettyt\documents\visual studio 2017\projects\matrixmultiplication\matrixmultiplication\matrix.cpp(14): warning C4018: '<': signed/unsigned mismatch
c:\users\dalgettyt\documents\visual studio 2017\projects\matrixmultiplication\matrixmultiplication\matrix.cpp(28): warning C4018: '<': signed/unsigned mismatch
c:\users\dalgettyt\documents\visual studio 2017\projects\matrixmultiplication\matrixmultiplication\matrix.cpp(30): warning C4018: '<': signed/unsigned mismatch
c:\users\dalgettyt\documents\visual studio 2017\projects\matrixmultiplication\matrixmultiplication\matrix.cpp(48): warning C4018: '<': signed/unsigned mismatch
c:\users\dalgettyt\documents\visual studio 2017\projects\matrixmultiplication\matrixmultiplication\matrix.cpp(50): warning C4018: '<': signed/unsigned mismatch
c:\users\dalgettyt\documents\visual studio 2017\projects\matrixmultiplication\matrixmultiplication\matrix.cpp(67): warning C4018: '<': signed/unsigned mismatch
c:\users\dalgettyt\documents\visual studio 2017\projects\matrixmultiplication\matrixmultiplication\matrix.cpp(69): warning C4018: '<': signed/unsigned mismatch
c:\users\dalgettyt\documents\visual studio 2017\projects\matrixmultiplication\matrixmultiplication\matrix.cpp(78): warning C4018: '<': signed/unsigned mismatch
c:\users\dalgettyt\documents\visual studio 2017\projects\matrixmultiplication\matrixmultiplication\matrix.cpp(80): warning C4018: '<': signed/unsigned mismatch
c:\users\dalgettyt\documents\visual studio 2017\projects\matrixmultiplication\matrixmultiplication\matrix.cpp(97): warning C4018: '<': signed/unsigned mismatch
c:\users\dalgettyt\documents\visual studio 2017\projects\matrixmultiplication\matrixmultiplication\matrix.cpp(102): warning C4018: '<': signed/unsigned mismatch
c:\users\dalgettyt\documents\visual studio 2017\projects\matrixmultiplication\matrixmultiplication\matrix.cpp(116): warning C4018: '<': signed/unsigned mismatch
c:\users\dalgettyt\documents\visual studio 2017\projects\matrixmultiplication\matrixmultiplication\matrix.cpp(118): warning C4018: '<': signed/unsigned mismatch
  Generating code
  0 of 250 functions ( 0.0%) were compiled, the rest were copied from previous compilation.
    0 functions were new in current compilation
    0 functions had inline decision re-evaluated but remain unchanged
  Finished generating code
  MatrixMultiplication.vcxproj -> C:\Users\dalgettyt\Documents\Visual Studio 2017\Projects\MatrixMultiplication\Release\MatrixMath.exe
